-- Found ament_cmake: 1.3.10 (/opt/ros/humble/share/ament_cmake/cmake)
-- Found std_msgs: 4.2.4 (/opt/ros/humble/share/std_msgs/cmake)
-- Found rosidl_generator_c: 3.1.5 (/opt/ros/humble/share/rosidl_generator_c/cmake)
-- Found rosidl_adapter: 3.1.5 (/opt/ros/humble/share/rosidl_adapter/cmake)
-- Found rosidl_generator_cpp: 3.1.5 (/opt/ros/humble/share/rosidl_generator_cpp/cmake)
-- Using all available rosidl_typesupport_c: rosidl_typesupport_fastrtps_c;rosidl_typesupport_introspection_c
-- Using all available rosidl_typesupport_cpp: rosidl_typesupport_fastrtps_cpp;rosidl_typesupport_introspection_cpp
-- Found geometry_msgs: 4.2.4 (/opt/ros/humble/share/geometry_msgs/cmake)
-- Found rclcpp: 16.0.10 (/opt/ros/humble/share/rclcpp/cmake)
-- Found rmw_implementation_cmake: 6.1.2 (/opt/ros/humble/share/rmw_implementation_cmake/cmake)
-- Found rmw_fastrtps_cpp: 6.2.7 (/opt/ros/humble/share/rmw_fastrtps_cpp/cmake)
-- Using RMW implementation 'rmw_fastrtps_cpp' as default
-- Found ament_lint_auto: 0.12.11 (/opt/ros/humble/share/ament_lint_auto/cmake)
-- Added test 'cppcheck' to perform static code analysis on C / C++ code
-- Configured cppcheck include dirs: 
-- Configured cppcheck exclude dirs and/or files: 
-- Added test 'flake8' to check Python code syntax and style conventions
-- Added test 'lint_cmake' to check CMake code style
-- Added test 'pep257' to check Python code against some of the docstring style conventions in PEP 257
-- Added test 'uncrustify' to check C / C++ code style
-- Configured uncrustify additional arguments: 
-- Added test 'xmllint' to check XML markup files
-- Configuring done
-- Generating done
-- Build files have been written to: /home/zkm/ros/ros2/wp/build/ros2cc
-- Install configuration: ""
-- Up-to-date: /home/zkm/ros/ros2/wp/install/ros2cc/share/ros2cc//launch
-- Up-to-date: /home/zkm/ros/ros2/wp/install/ros2cc/share/ros2cc//launch/allstart.launch.py
-- Up-to-date: /home/zkm/ros/ros2/wp/install/ros2cc/share/ament_index/resource_index/package_run_dependencies/ros2cc
-- Up-to-date: /home/zkm/ros/ros2/wp/install/ros2cc/share/ament_index/resource_index/parent_prefix_path/ros2cc
-- Up-to-date: /home/zkm/ros/ros2/wp/install/ros2cc/share/ros2cc/environment/ament_prefix_path.sh
-- Installing: /home/zkm/ros/ros2/wp/install/ros2cc/share/ros2cc/environment/ament_prefix_path.dsv
-- Up-to-date: /home/zkm/ros/ros2/wp/install/ros2cc/share/ros2cc/environment/path.sh
-- Installing: /home/zkm/ros/ros2/wp/install/ros2cc/share/ros2cc/environment/path.dsv
-- Up-to-date: /home/zkm/ros/ros2/wp/install/ros2cc/share/ros2cc/local_setup.bash
-- Up-to-date: /home/zkm/ros/ros2/wp/install/ros2cc/share/ros2cc/local_setup.sh
-- Up-to-date: /home/zkm/ros/ros2/wp/install/ros2cc/share/ros2cc/local_setup.zsh
-- Installing: /home/zkm/ros/ros2/wp/install/ros2cc/share/ros2cc/local_setup.dsv
-- Installing: /home/zkm/ros/ros2/wp/install/ros2cc/share/ros2cc/package.dsv
-- Up-to-date: /home/zkm/ros/ros2/wp/install/ros2cc/share/ament_index/resource_index/packages/ros2cc
-- Up-to-date: /home/zkm/ros/ros2/wp/install/ros2cc/share/ros2cc/cmake/ros2ccConfig.cmake
-- Up-to-date: /home/zkm/ros/ros2/wp/install/ros2cc/share/ros2cc/cmake/ros2ccConfig-version.cmake
-- Up-to-date: /home/zkm/ros/ros2/wp/install/ros2cc/share/ros2cc/package.xml
