[0.013s] Invoking command in '/home/zkm/ros/ros2/wp/build/ros2cc': CMAKE_PREFIX_PATH=${CMAKE_PREFIX_PATH}:/opt/ros/humble /usr/bin/cmake --build /home/zkm/ros/ros2/wp/build/ros2cc -- -j8 -l8
[0.043s] -- Found ament_cmake: 1.3.10 (/opt/ros/humble/share/ament_cmake/cmake)
[0.184s] -- Found std_msgs: 4.2.4 (/opt/ros/humble/share/std_msgs/cmake)
[0.219s] -- Found rosidl_generator_c: 3.1.5 (/opt/ros/humble/share/rosidl_generator_c/cmake)
[0.223s] -- Found rosidl_adapter: 3.1.5 (/opt/ros/humble/share/rosidl_adapter/cmake)
[0.232s] -- Found rosidl_generator_cpp: 3.1.5 (/opt/ros/humble/share/rosidl_generator_cpp/cmake)
[0.244s] -- Using all available rosidl_typesupport_c: rosidl_typesupport_fastrtps_c;rosidl_typesupport_introspection_c
[0.261s] -- Using all available rosidl_typesupport_cpp: rosidl_typesupport_fastrtps_cpp;rosidl_typesupport_introspection_cpp
[0.290s] -- Found geometry_msgs: 4.2.4 (/opt/ros/humble/share/geometry_msgs/cmake)
[0.304s] -- Found rclcpp: 16.0.10 (/opt/ros/humble/share/rclcpp/cmake)
[0.343s] -- Found rmw_implementation_cmake: 6.1.2 (/opt/ros/humble/share/rmw_implementation_cmake/cmake)
[0.346s] -- Found rmw_fastrtps_cpp: 6.2.7 (/opt/ros/humble/share/rmw_fastrtps_cpp/cmake)
[0.449s] -- Using RMW implementation 'rmw_fastrtps_cpp' as default
[0.495s] -- Found ament_lint_auto: 0.12.11 (/opt/ros/humble/share/ament_lint_auto/cmake)
[0.570s] -- Added test 'cppcheck' to perform static code analysis on C / C++ code
[0.570s] -- Configured cppcheck include dirs: 
[0.570s] -- Configured cppcheck exclude dirs and/or files: 
[0.571s] -- Added test 'flake8' to check Python code syntax and style conventions
[0.572s] -- Added test 'lint_cmake' to check CMake code style
[0.572s] -- Added test 'pep257' to check Python code against some of the docstring style conventions in PEP 257
[0.574s] -- Added test 'uncrustify' to check C / C++ code style
[0.574s] -- Configured uncrustify additional arguments: 
[0.574s] -- Added test 'xmllint' to check XML markup files
[0.576s] -- Configuring done
[0.583s] -- Generating done
[0.585s] -- Build files have been written to: /home/zkm/ros/ros2/wp/build/ros2cc
[0.612s] Invoked command in '/home/zkm/ros/ros2/wp/build/ros2cc' returned '0': CMAKE_PREFIX_PATH=${CMAKE_PREFIX_PATH}:/opt/ros/humble /usr/bin/cmake --build /home/zkm/ros/ros2/wp/build/ros2cc -- -j8 -l8
[0.643s] Invoking command in '/home/zkm/ros/ros2/wp/build/ros2cc': CMAKE_PREFIX_PATH=${CMAKE_PREFIX_PATH}:/opt/ros/humble /usr/bin/cmake --install /home/zkm/ros/ros2/wp/build/ros2cc
[0.650s] -- Install configuration: ""
[0.650s] -- Up-to-date: /home/zkm/ros/ros2/wp/install/ros2cc/share/ros2cc//launch
[0.650s] -- Up-to-date: /home/zkm/ros/ros2/wp/install/ros2cc/share/ros2cc//launch/allstart.launch.py
[0.650s] -- Up-to-date: /home/zkm/ros/ros2/wp/install/ros2cc/share/ament_index/resource_index/package_run_dependencies/ros2cc
[0.650s] -- Up-to-date: /home/zkm/ros/ros2/wp/install/ros2cc/share/ament_index/resource_index/parent_prefix_path/ros2cc
[0.650s] -- Up-to-date: /home/zkm/ros/ros2/wp/install/ros2cc/share/ros2cc/environment/ament_prefix_path.sh
[0.650s] -- Installing: /home/zkm/ros/ros2/wp/install/ros2cc/share/ros2cc/environment/ament_prefix_path.dsv
[0.650s] -- Up-to-date: /home/zkm/ros/ros2/wp/install/ros2cc/share/ros2cc/environment/path.sh
[0.651s] -- Installing: /home/zkm/ros/ros2/wp/install/ros2cc/share/ros2cc/environment/path.dsv
[0.651s] -- Up-to-date: /home/zkm/ros/ros2/wp/install/ros2cc/share/ros2cc/local_setup.bash
[0.651s] -- Up-to-date: /home/zkm/ros/ros2/wp/install/ros2cc/share/ros2cc/local_setup.sh
[0.651s] -- Up-to-date: /home/zkm/ros/ros2/wp/install/ros2cc/share/ros2cc/local_setup.zsh
[0.651s] -- Installing: /home/zkm/ros/ros2/wp/install/ros2cc/share/ros2cc/local_setup.dsv
[0.651s] -- Installing: /home/zkm/ros/ros2/wp/install/ros2cc/share/ros2cc/package.dsv
[0.651s] -- Up-to-date: /home/zkm/ros/ros2/wp/install/ros2cc/share/ament_index/resource_index/packages/ros2cc
[0.652s] -- Up-to-date: /home/zkm/ros/ros2/wp/install/ros2cc/share/ros2cc/cmake/ros2ccConfig.cmake
[0.652s] -- Up-to-date: /home/zkm/ros/ros2/wp/install/ros2cc/share/ros2cc/cmake/ros2ccConfig-version.cmake
[0.652s] -- Up-to-date: /home/zkm/ros/ros2/wp/install/ros2cc/share/ros2cc/package.xml
[0.654s] Invoked command in '/home/zkm/ros/ros2/wp/build/ros2cc' returned '0': CMAKE_PREFIX_PATH=${CMAKE_PREFIX_PATH}:/opt/ros/humble /usr/bin/cmake --install /home/zkm/ros/ros2/wp/build/ros2cc
