[0.098s] DEBUG:colcon:Command line arguments: ['/usr/bin/colcon', 'build']
[0.099s] DEBUG:colcon:Parsed command line arguments: Namespace(log_base=None, log_level=None, verb_name='build', build_base='build', install_base='install', merge_install=False, symlink_install=False, test_result_base=None, continue_on_error=False, executor='parallel', parallel_workers=8, event_handlers=None, ignore_user_meta=False, metas=['./colcon.meta'], base_paths=['.'], packages_ignore=None, packages_ignore_regex=None, paths=None, packages_up_to=None, packages_up_to_regex=None, packages_above=None, packages_above_and_dependencies=None, packages_above_depth=None, packages_select_by_dep=None, packages_skip_by_dep=None, packages_skip_up_to=None, packages_select_build_failed=False, packages_skip_build_finished=False, packages_select_test_failures=False, packages_skip_test_passed=False, packages_select=None, packages_skip=None, packages_select_regex=None, packages_skip_regex=None, packages_start=None, packages_end=None, allow_overriding=[], cmake_args=None, cmake_target=None, cmake_target_skip_unavailable=False, cmake_clean_cache=False, cmake_clean_first=False, cmake_force_configure=False, ament_cmake_args=None, catkin_cmake_args=None, catkin_skip_building_tests=False, verb_parser=<colcon_defaults.argument_parser.defaults.DefaultArgumentsDecorator object at 0x7eea4924d2d0>, verb_extension=<colcon_core.verb.build.BuildVerb object at 0x7eea4924cdc0>, main=<bound method BuildVerb.main of <colcon_core.verb.build.BuildVerb object at 0x7eea4924cdc0>>)
[0.268s] Level 1:colcon.colcon_core.package_discovery:discover_packages(colcon_meta) check parameters
[0.268s] Level 1:colcon.colcon_core.package_discovery:discover_packages(recursive) check parameters
[0.268s] Level 1:colcon.colcon_core.package_discovery:discover_packages(ignore) check parameters
[0.268s] Level 1:colcon.colcon_core.package_discovery:discover_packages(path) check parameters
[0.268s] Level 1:colcon.colcon_core.package_discovery:discover_packages(colcon_meta) discover
[0.268s] Level 1:colcon.colcon_core.package_discovery:discover_packages(recursive) discover
[0.268s] INFO:colcon.colcon_core.package_discovery:Crawling recursively for packages in '/home/zkm/ros/ros2/wp'
[0.268s] Level 1:colcon.colcon_core.package_identification:_identify(.) by extensions ['ignore', 'ignore_ament_install']
[0.268s] Level 1:colcon.colcon_core.package_identification:_identify(.) by extension 'ignore'
[0.268s] Level 1:colcon.colcon_core.package_identification:_identify(.) by extension 'ignore_ament_install'
[0.269s] Level 1:colcon.colcon_core.package_identification:_identify(.) by extensions ['colcon_pkg']
[0.269s] Level 1:colcon.colcon_core.package_identification:_identify(.) by extension 'colcon_pkg'
[0.269s] Level 1:colcon.colcon_core.package_identification:_identify(.) by extensions ['colcon_meta']
[0.269s] Level 1:colcon.colcon_core.package_identification:_identify(.) by extension 'colcon_meta'
[0.269s] Level 1:colcon.colcon_core.package_identification:_identify(.) by extensions ['ros']
[0.269s] Level 1:colcon.colcon_core.package_identification:_identify(.) by extension 'ros'
[0.278s] Level 1:colcon.colcon_core.package_identification:_identify(.) by extensions ['cmake', 'python']
[0.278s] Level 1:colcon.colcon_core.package_identification:_identify(.) by extension 'cmake'
[0.278s] Level 1:colcon.colcon_core.package_identification:_identify(.) by extension 'python'
[0.279s] Level 1:colcon.colcon_core.package_identification:_identify(.) by extensions ['python_setup_py']
[0.279s] Level 1:colcon.colcon_core.package_identification:_identify(.) by extension 'python_setup_py'
[0.279s] Level 1:colcon.colcon_core.package_identification:_identify(build) by extensions ['ignore', 'ignore_ament_install']
[0.279s] Level 1:colcon.colcon_core.package_identification:_identify(build) by extension 'ignore'
[0.279s] Level 1:colcon.colcon_core.package_identification:_identify(build) ignored
[0.279s] Level 1:colcon.colcon_core.package_identification:_identify(install) by extensions ['ignore', 'ignore_ament_install']
[0.279s] Level 1:colcon.colcon_core.package_identification:_identify(install) by extension 'ignore'
[0.279s] Level 1:colcon.colcon_core.package_identification:_identify(install) ignored
[0.279s] Level 1:colcon.colcon_core.package_identification:_identify(log) by extensions ['ignore', 'ignore_ament_install']
[0.279s] Level 1:colcon.colcon_core.package_identification:_identify(log) by extension 'ignore'
[0.279s] Level 1:colcon.colcon_core.package_identification:_identify(log) ignored
[0.279s] Level 1:colcon.colcon_core.package_identification:_identify(src) by extensions ['ignore', 'ignore_ament_install']
[0.279s] Level 1:colcon.colcon_core.package_identification:_identify(src) by extension 'ignore'
[0.279s] Level 1:colcon.colcon_core.package_identification:_identify(src) by extension 'ignore_ament_install'
[0.280s] Level 1:colcon.colcon_core.package_identification:_identify(src) by extensions ['colcon_pkg']
[0.280s] Level 1:colcon.colcon_core.package_identification:_identify(src) by extension 'colcon_pkg'
[0.280s] Level 1:colcon.colcon_core.package_identification:_identify(src) by extensions ['colcon_meta']
[0.280s] Level 1:colcon.colcon_core.package_identification:_identify(src) by extension 'colcon_meta'
[0.280s] Level 1:colcon.colcon_core.package_identification:_identify(src) by extensions ['ros']
[0.280s] Level 1:colcon.colcon_core.package_identification:_identify(src) by extension 'ros'
[0.280s] Level 1:colcon.colcon_core.package_identification:_identify(src) by extensions ['cmake', 'python']
[0.280s] Level 1:colcon.colcon_core.package_identification:_identify(src) by extension 'cmake'
[0.280s] Level 1:colcon.colcon_core.package_identification:_identify(src) by extension 'python'
[0.280s] Level 1:colcon.colcon_core.package_identification:_identify(src) by extensions ['python_setup_py']
[0.280s] Level 1:colcon.colcon_core.package_identification:_identify(src) by extension 'python_setup_py'
[0.280s] Level 1:colcon.colcon_core.package_identification:_identify(src/ros2cc) by extensions ['ignore', 'ignore_ament_install']
[0.280s] Level 1:colcon.colcon_core.package_identification:_identify(src/ros2cc) by extension 'ignore'
[0.280s] Level 1:colcon.colcon_core.package_identification:_identify(src/ros2cc) by extension 'ignore_ament_install'
[0.280s] Level 1:colcon.colcon_core.package_identification:_identify(src/ros2cc) by extensions ['colcon_pkg']
[0.280s] Level 1:colcon.colcon_core.package_identification:_identify(src/ros2cc) by extension 'colcon_pkg'
[0.280s] Level 1:colcon.colcon_core.package_identification:_identify(src/ros2cc) by extensions ['colcon_meta']
[0.280s] Level 1:colcon.colcon_core.package_identification:_identify(src/ros2cc) by extension 'colcon_meta'
[0.280s] Level 1:colcon.colcon_core.package_identification:_identify(src/ros2cc) by extensions ['ros']
[0.280s] Level 1:colcon.colcon_core.package_identification:_identify(src/ros2cc) by extension 'ros'
[0.283s] DEBUG:colcon.colcon_core.package_identification:Package 'src/ros2cc' with type 'ros.ament_cmake' and name 'ros2cc'
[0.283s] Level 1:colcon.colcon_core.package_discovery:discover_packages(recursive) using defaults
[0.283s] Level 1:colcon.colcon_core.package_discovery:discover_packages(ignore) discover
[0.283s] Level 1:colcon.colcon_core.package_discovery:discover_packages(ignore) using defaults
[0.283s] Level 1:colcon.colcon_core.package_discovery:discover_packages(path) discover
[0.283s] Level 1:colcon.colcon_core.package_discovery:discover_packages(path) using defaults
[0.308s] Level 1:colcon.colcon_core.package_discovery:discover_packages(prefix_path) check parameters
[0.308s] Level 1:colcon.colcon_core.package_discovery:discover_packages(prefix_path) discover
[0.309s] DEBUG:colcon.colcon_installed_package_information.package_discovery:Found 1 installed packages in /home/zkm/ros/ros2/wp/install
[0.311s] DEBUG:colcon.colcon_installed_package_information.package_discovery:Found 270 installed packages in /opt/ros/humble
[0.312s] Level 1:colcon.colcon_core.package_discovery:discover_packages(prefix_path) using defaults
[0.351s] Level 5:colcon.colcon_core.verb:set package 'ros2cc' build argument 'cmake_args' from command line to 'None'
[0.351s] Level 5:colcon.colcon_core.verb:set package 'ros2cc' build argument 'cmake_target' from command line to 'None'
[0.351s] Level 5:colcon.colcon_core.verb:set package 'ros2cc' build argument 'cmake_target_skip_unavailable' from command line to 'False'
[0.351s] Level 5:colcon.colcon_core.verb:set package 'ros2cc' build argument 'cmake_clean_cache' from command line to 'False'
[0.351s] Level 5:colcon.colcon_core.verb:set package 'ros2cc' build argument 'cmake_clean_first' from command line to 'False'
[0.352s] Level 5:colcon.colcon_core.verb:set package 'ros2cc' build argument 'cmake_force_configure' from command line to 'False'
[0.352s] Level 5:colcon.colcon_core.verb:set package 'ros2cc' build argument 'ament_cmake_args' from command line to 'None'
[0.352s] Level 5:colcon.colcon_core.verb:set package 'ros2cc' build argument 'catkin_cmake_args' from command line to 'None'
[0.352s] Level 5:colcon.colcon_core.verb:set package 'ros2cc' build argument 'catkin_skip_building_tests' from command line to 'False'
[0.352s] DEBUG:colcon.colcon_core.verb:Building package 'ros2cc' with the following arguments: {'ament_cmake_args': None, 'build_base': '/home/zkm/ros/ros2/wp/build/ros2cc', 'catkin_cmake_args': None, 'catkin_skip_building_tests': False, 'cmake_args': None, 'cmake_clean_cache': False, 'cmake_clean_first': False, 'cmake_force_configure': False, 'cmake_target': None, 'cmake_target_skip_unavailable': False, 'install_base': '/home/zkm/ros/ros2/wp/install/ros2cc', 'merge_install': False, 'path': '/home/zkm/ros/ros2/wp/src/ros2cc', 'symlink_install': False, 'test_result_base': None}
[0.352s] INFO:colcon.colcon_core.executor:Executing jobs using 'parallel' executor
[0.353s] DEBUG:colcon.colcon_parallel_executor.executor.parallel:run_until_complete
[0.353s] INFO:colcon.colcon_ros.task.ament_cmake.build:Building ROS package in '/home/zkm/ros/ros2/wp/src/ros2cc' with build type 'ament_cmake'
[0.353s] INFO:colcon.colcon_cmake.task.cmake.build:Building CMake package in '/home/zkm/ros/ros2/wp/src/ros2cc'
[0.355s] INFO:colcon.colcon_core.plugin_system:Skipping extension 'colcon_core.shell.bat': Not used on non-Windows systems
[0.356s] INFO:colcon.colcon_core.shell:Skip shell extension 'powershell' for command environment: Not usable outside of PowerShell
[0.356s] DEBUG:colcon.colcon_core.shell:Skip shell extension 'dsv' for command environment
[0.368s] DEBUG:colcon.colcon_core.event_handler.log_command:Invoking command in '/home/zkm/ros/ros2/wp/build/ros2cc': CMAKE_PREFIX_PATH=${CMAKE_PREFIX_PATH}:/opt/ros/humble /usr/bin/cmake --build /home/zkm/ros/ros2/wp/build/ros2cc -- -j8 -l8
[8.622s] DEBUG:colcon.colcon_core.event_handler.log_command:Invoked command in '/home/zkm/ros/ros2/wp/build/ros2cc' returned '0': CMAKE_PREFIX_PATH=${CMAKE_PREFIX_PATH}:/opt/ros/humble /usr/bin/cmake --build /home/zkm/ros/ros2/wp/build/ros2cc -- -j8 -l8
[8.657s] DEBUG:colcon.colcon_core.event_handler.log_command:Invoking command in '/home/zkm/ros/ros2/wp/build/ros2cc': CMAKE_PREFIX_PATH=${CMAKE_PREFIX_PATH}:/opt/ros/humble /usr/bin/cmake --install /home/zkm/ros/ros2/wp/build/ros2cc
[8.671s] Level 1:colcon.colcon_core.environment:create_environment_scripts_only(ros2cc)
[8.672s] DEBUG:colcon.colcon_core.event_handler.log_command:Invoked command in '/home/zkm/ros/ros2/wp/build/ros2cc' returned '0': CMAKE_PREFIX_PATH=${CMAKE_PREFIX_PATH}:/opt/ros/humble /usr/bin/cmake --install /home/zkm/ros/ros2/wp/build/ros2cc
[8.675s] Level 1:colcon.colcon_core.environment:checking '/home/zkm/ros/ros2/wp/install/ros2cc' for CMake module files
[8.676s] Level 1:colcon.colcon_core.environment:checking '/home/zkm/ros/ros2/wp/install/ros2cc' for CMake config files
[8.676s] Level 1:colcon.colcon_core.shell:create_environment_hook('ros2cc', 'cmake_prefix_path')
[8.676s] INFO:colcon.colcon_core.shell:Creating environment hook '/home/zkm/ros/ros2/wp/install/ros2cc/share/ros2cc/hook/cmake_prefix_path.ps1'
[8.677s] INFO:colcon.colcon_core.shell:Creating environment descriptor '/home/zkm/ros/ros2/wp/install/ros2cc/share/ros2cc/hook/cmake_prefix_path.dsv'
[8.678s] INFO:colcon.colcon_core.shell:Creating environment hook '/home/zkm/ros/ros2/wp/install/ros2cc/share/ros2cc/hook/cmake_prefix_path.sh'
[8.679s] Level 1:colcon.colcon_core.environment:checking '/home/zkm/ros/ros2/wp/install/ros2cc/lib'
[8.679s] Level 1:colcon.colcon_core.environment:checking '/home/zkm/ros/ros2/wp/install/ros2cc/bin'
[8.679s] Level 1:colcon.colcon_core.environment:checking '/home/zkm/ros/ros2/wp/install/ros2cc/lib/pkgconfig/ros2cc.pc'
[8.679s] Level 1:colcon.colcon_core.environment:checking '/home/zkm/ros/ros2/wp/install/ros2cc/lib/python3.10/site-packages'
[8.680s] Level 1:colcon.colcon_core.environment:checking '/home/zkm/ros/ros2/wp/install/ros2cc/bin'
[8.680s] INFO:colcon.colcon_core.shell:Creating package script '/home/zkm/ros/ros2/wp/install/ros2cc/share/ros2cc/package.ps1'
[8.681s] INFO:colcon.colcon_core.shell:Creating package descriptor '/home/zkm/ros/ros2/wp/install/ros2cc/share/ros2cc/package.dsv'
[8.681s] INFO:colcon.colcon_core.shell:Creating package script '/home/zkm/ros/ros2/wp/install/ros2cc/share/ros2cc/package.sh'
[8.682s] INFO:colcon.colcon_core.shell:Creating package script '/home/zkm/ros/ros2/wp/install/ros2cc/share/ros2cc/package.bash'
[8.683s] INFO:colcon.colcon_core.shell:Creating package script '/home/zkm/ros/ros2/wp/install/ros2cc/share/ros2cc/package.zsh'
[8.684s] Level 1:colcon.colcon_core.environment:create_file_with_runtime_dependencies(/home/zkm/ros/ros2/wp/install/ros2cc/share/colcon-core/packages/ros2cc)
[8.710s] Level 1:colcon.colcon_core.environment:create_environment_scripts_only(ros2cc)
[8.710s] Level 1:colcon.colcon_core.environment:checking '/home/zkm/ros/ros2/wp/install/ros2cc' for CMake module files
[8.711s] Level 1:colcon.colcon_core.environment:checking '/home/zkm/ros/ros2/wp/install/ros2cc' for CMake config files
[8.711s] Level 1:colcon.colcon_core.shell:create_environment_hook('ros2cc', 'cmake_prefix_path')
[8.711s] INFO:colcon.colcon_core.shell:Creating environment hook '/home/zkm/ros/ros2/wp/install/ros2cc/share/ros2cc/hook/cmake_prefix_path.ps1'
[8.712s] INFO:colcon.colcon_core.shell:Creating environment descriptor '/home/zkm/ros/ros2/wp/install/ros2cc/share/ros2cc/hook/cmake_prefix_path.dsv'
[8.712s] INFO:colcon.colcon_core.shell:Creating environment hook '/home/zkm/ros/ros2/wp/install/ros2cc/share/ros2cc/hook/cmake_prefix_path.sh'
[8.712s] Level 1:colcon.colcon_core.environment:checking '/home/zkm/ros/ros2/wp/install/ros2cc/lib'
[8.712s] Level 1:colcon.colcon_core.environment:checking '/home/zkm/ros/ros2/wp/install/ros2cc/bin'
[8.712s] Level 1:colcon.colcon_core.environment:checking '/home/zkm/ros/ros2/wp/install/ros2cc/lib/pkgconfig/ros2cc.pc'
[8.713s] Level 1:colcon.colcon_core.environment:checking '/home/zkm/ros/ros2/wp/install/ros2cc/lib/python3.10/site-packages'
[8.713s] Level 1:colcon.colcon_core.environment:checking '/home/zkm/ros/ros2/wp/install/ros2cc/bin'
[8.713s] INFO:colcon.colcon_core.shell:Creating package script '/home/zkm/ros/ros2/wp/install/ros2cc/share/ros2cc/package.ps1'
[8.714s] INFO:colcon.colcon_core.shell:Creating package descriptor '/home/zkm/ros/ros2/wp/install/ros2cc/share/ros2cc/package.dsv'
[8.714s] INFO:colcon.colcon_core.shell:Creating package script '/home/zkm/ros/ros2/wp/install/ros2cc/share/ros2cc/package.sh'
[8.714s] INFO:colcon.colcon_core.shell:Creating package script '/home/zkm/ros/ros2/wp/install/ros2cc/share/ros2cc/package.bash'
[8.715s] INFO:colcon.colcon_core.shell:Creating package script '/home/zkm/ros/ros2/wp/install/ros2cc/share/ros2cc/package.zsh'
[8.715s] Level 1:colcon.colcon_core.environment:create_file_with_runtime_dependencies(/home/zkm/ros/ros2/wp/install/ros2cc/share/colcon-core/packages/ros2cc)
[8.716s] DEBUG:colcon.colcon_parallel_executor.executor.parallel:closing loop
[8.716s] DEBUG:colcon.colcon_parallel_executor.executor.parallel:loop closed
[8.716s] DEBUG:colcon.colcon_parallel_executor.executor.parallel:run_until_complete finished with '0'
[8.716s] DEBUG:colcon.colcon_core.event_reactor:joining thread
[8.721s] INFO:colcon.colcon_core.plugin_system:Skipping extension 'colcon_notification.desktop_notification.terminal_notifier': Not used on non-Darwin systems
[8.721s] INFO:colcon.colcon_core.plugin_system:Skipping extension 'colcon_notification.desktop_notification.win32': Not used on non-Windows systems
[8.721s] INFO:colcon.colcon_notification.desktop_notification:Sending desktop notification using 'notify2'
[8.731s] DEBUG:colcon.colcon_core.event_reactor:joined thread
[8.732s] INFO:colcon.colcon_core.shell:Creating prefix script '/home/zkm/ros/ros2/wp/install/local_setup.ps1'
[8.733s] INFO:colcon.colcon_core.shell:Creating prefix util module '/home/zkm/ros/ros2/wp/install/_local_setup_util_ps1.py'
[8.736s] INFO:colcon.colcon_core.shell:Creating prefix chain script '/home/zkm/ros/ros2/wp/install/setup.ps1'
[8.737s] INFO:colcon.colcon_core.shell:Creating prefix script '/home/zkm/ros/ros2/wp/install/local_setup.sh'
[8.737s] INFO:colcon.colcon_core.shell:Creating prefix util module '/home/zkm/ros/ros2/wp/install/_local_setup_util_sh.py'
[8.738s] INFO:colcon.colcon_core.shell:Creating prefix chain script '/home/zkm/ros/ros2/wp/install/setup.sh'
[8.739s] INFO:colcon.colcon_core.shell:Creating prefix script '/home/zkm/ros/ros2/wp/install/local_setup.bash'
[8.739s] INFO:colcon.colcon_core.shell:Creating prefix chain script '/home/zkm/ros/ros2/wp/install/setup.bash'
[8.740s] INFO:colcon.colcon_core.shell:Creating prefix script '/home/zkm/ros/ros2/wp/install/local_setup.zsh'
[8.741s] INFO:colcon.colcon_core.shell:Creating prefix chain script '/home/zkm/ros/ros2/wp/install/setup.zsh'
