[0.012s] Invoking command in '/home/zkm/ros/ros2/wp/build/ros2cc': CMAKE_PREFIX_PATH=${CMAKE_PREFIX_PATH}:/opt/ros/humble /usr/bin/cmake --build /home/zkm/ros/ros2/wp/build/ros2cc -- -j8 -l8
[0.038s] -- Found ament_cmake: 1.3.10 (/opt/ros/humble/share/ament_cmake/cmake)
[0.160s] -- Found std_msgs: 4.2.4 (/opt/ros/humble/share/std_msgs/cmake)
[0.182s] -- Found rosidl_generator_c: 3.1.5 (/opt/ros/humble/share/rosidl_generator_c/cmake)
[0.184s] -- Found rosidl_adapter: 3.1.5 (/opt/ros/humble/share/rosidl_adapter/cmake)
[0.190s] -- Found rosidl_generator_cpp: 3.1.5 (/opt/ros/humble/share/rosidl_generator_cpp/cmake)
[0.198s] -- Using all available rosidl_typesupport_c: rosidl_typesupport_fastrtps_c;rosidl_typesupport_introspection_c
[0.211s] -- Using all available rosidl_typesupport_cpp: rosidl_typesupport_fastrtps_cpp;rosidl_typesupport_introspection_cpp
[0.236s] -- Found geometry_msgs: 4.2.4 (/opt/ros/humble/share/geometry_msgs/cmake)
[0.248s] -- Found rclcpp: 16.0.10 (/opt/ros/humble/share/rclcpp/cmake)
[0.271s] -- Found rmw_implementation_cmake: 6.1.2 (/opt/ros/humble/share/rmw_implementation_cmake/cmake)
[0.273s] -- Found rmw_fastrtps_cpp: 6.2.7 (/opt/ros/humble/share/rmw_fastrtps_cpp/cmake)
[0.364s] -- Using RMW implementation 'rmw_fastrtps_cpp' as default
[0.401s] -- Found ament_lint_auto: 0.12.11 (/opt/ros/humble/share/ament_lint_auto/cmake)
[0.472s] -- Added test 'cppcheck' to perform static code analysis on C / C++ code
[0.472s] -- Configured cppcheck include dirs: 
[0.472s] -- Configured cppcheck exclude dirs and/or files: 
[0.472s] -- Added test 'flake8' to check Python code syntax and style conventions
[0.473s] -- Added test 'lint_cmake' to check CMake code style
[0.473s] -- Added test 'pep257' to check Python code against some of the docstring style conventions in PEP 257
[0.474s] -- Added test 'uncrustify' to check C / C++ code style
[0.474s] -- Configured uncrustify additional arguments: 
[0.475s] -- Added test 'xmllint' to check XML markup files
[0.475s] -- Configuring done
[0.491s] -- Generating done
[0.493s] -- Build files have been written to: /home/zkm/ros/ros2/wp/build/ros2cc
[0.518s] [35m[1mConsolidate compiler generated dependencies of target talker_int32[0m
[0.518s] [35m[1mConsolidate compiler generated dependencies of target listener_int32[0m
[0.518s] [35m[1mConsolidate compiler generated dependencies of target talker_str[0m
[0.518s] [35m[1mConsolidate compiler generated dependencies of target listener_str[0m
[0.536s] [ 25%] Built target talker_int32
[0.536s] [ 75%] Built target listener_str
[0.536s] [ 75%] Built target talker_str
[0.541s] [100%] Built target listener_int32
[0.552s] Invoked command in '/home/zkm/ros/ros2/wp/build/ros2cc' returned '0': CMAKE_PREFIX_PATH=${CMAKE_PREFIX_PATH}:/opt/ros/humble /usr/bin/cmake --build /home/zkm/ros/ros2/wp/build/ros2cc -- -j8 -l8
[0.593s] Invoking command in '/home/zkm/ros/ros2/wp/build/ros2cc': CMAKE_PREFIX_PATH=${CMAKE_PREFIX_PATH}:/opt/ros/humble /usr/bin/cmake --install /home/zkm/ros/ros2/wp/build/ros2cc
[0.599s] -- Install configuration: ""
[0.599s] -- Up-to-date: /home/zkm/ros/ros2/wp/install/ros2cc/lib/ros2cc/talker_str
[0.600s] -- Up-to-date: /home/zkm/ros/ros2/wp/install/ros2cc/lib/ros2cc/listener_str
[0.600s] -- Up-to-date: /home/zkm/ros/ros2/wp/install/ros2cc/lib/ros2cc/talker_int32
[0.601s] -- Up-to-date: /home/zkm/ros/ros2/wp/install/ros2cc/lib/ros2cc/listener_int32
[0.601s] -- Up-to-date: /home/zkm/ros/ros2/wp/install/ros2cc/share/ros2cc//launch
[0.601s] -- Installing: /home/zkm/ros/ros2/wp/install/ros2cc/share/ros2cc//launch/allstart.launch.py
[0.601s] -- Up-to-date: /home/zkm/ros/ros2/wp/install/ros2cc/share/ament_index/resource_index/package_run_dependencies/ros2cc
[0.602s] -- Up-to-date: /home/zkm/ros/ros2/wp/install/ros2cc/share/ament_index/resource_index/parent_prefix_path/ros2cc
[0.602s] -- Up-to-date: /home/zkm/ros/ros2/wp/install/ros2cc/share/ros2cc/environment/ament_prefix_path.sh
[0.602s] -- Installing: /home/zkm/ros/ros2/wp/install/ros2cc/share/ros2cc/environment/ament_prefix_path.dsv
[0.602s] -- Up-to-date: /home/zkm/ros/ros2/wp/install/ros2cc/share/ros2cc/environment/path.sh
[0.602s] -- Installing: /home/zkm/ros/ros2/wp/install/ros2cc/share/ros2cc/environment/path.dsv
[0.602s] -- Up-to-date: /home/zkm/ros/ros2/wp/install/ros2cc/share/ros2cc/local_setup.bash
[0.602s] -- Up-to-date: /home/zkm/ros/ros2/wp/install/ros2cc/share/ros2cc/local_setup.sh
[0.603s] -- Up-to-date: /home/zkm/ros/ros2/wp/install/ros2cc/share/ros2cc/local_setup.zsh
[0.603s] -- Installing: /home/zkm/ros/ros2/wp/install/ros2cc/share/ros2cc/local_setup.dsv
[0.603s] -- Installing: /home/zkm/ros/ros2/wp/install/ros2cc/share/ros2cc/package.dsv
[0.603s] -- Up-to-date: /home/zkm/ros/ros2/wp/install/ros2cc/share/ament_index/resource_index/packages/ros2cc
[0.603s] -- Up-to-date: /home/zkm/ros/ros2/wp/install/ros2cc/share/ros2cc/cmake/ros2ccConfig.cmake
[0.603s] -- Up-to-date: /home/zkm/ros/ros2/wp/install/ros2cc/share/ros2cc/cmake/ros2ccConfig-version.cmake
[0.603s] -- Up-to-date: /home/zkm/ros/ros2/wp/install/ros2cc/share/ros2cc/package.xml
[0.605s] Invoked command in '/home/zkm/ros/ros2/wp/build/ros2cc' returned '0': CMAKE_PREFIX_PATH=${CMAKE_PREFIX_PATH}:/opt/ros/humble /usr/bin/cmake --install /home/zkm/ros/ros2/wp/build/ros2cc
