[0.115s] DEBUG:colcon:Command line arguments: ['/usr/bin/colcon', 'build']
[0.115s] DEBUG:colcon:Parsed command line arguments: Namespace(log_base=None, log_level=None, verb_name='build', build_base='build', install_base='install', merge_install=False, symlink_install=False, test_result_base=None, continue_on_error=False, executor='parallel', parallel_workers=8, event_handlers=None, ignore_user_meta=False, metas=['./colcon.meta'], base_paths=['.'], packages_ignore=None, packages_ignore_regex=None, paths=None, packages_up_to=None, packages_up_to_regex=None, packages_above=None, packages_above_and_dependencies=None, packages_above_depth=None, packages_select_by_dep=None, packages_skip_by_dep=None, packages_skip_up_to=None, packages_select_build_failed=False, packages_skip_build_finished=False, packages_select_test_failures=False, packages_skip_test_passed=False, packages_select=None, packages_skip=None, packages_select_regex=None, packages_skip_regex=None, packages_start=None, packages_end=None, allow_overriding=[], cmake_args=None, cmake_target=None, cmake_target_skip_unavailable=False, cmake_clean_cache=False, cmake_clean_first=False, cmake_force_configure=False, ament_cmake_args=None, catkin_cmake_args=None, catkin_skip_building_tests=False, verb_parser=<colcon_defaults.argument_parser.defaults.DefaultArgumentsDecorator object at 0x75cfe8145300>, verb_extension=<colcon_core.verb.build.BuildVerb object at 0x75cfe8144df0>, main=<bound method BuildVerb.main of <colcon_core.verb.build.BuildVerb object at 0x75cfe8144df0>>)
[0.289s] Level 1:colcon.colcon_core.package_discovery:discover_packages(colcon_meta) check parameters
[0.289s] Level 1:colcon.colcon_core.package_discovery:discover_packages(recursive) check parameters
[0.289s] Level 1:colcon.colcon_core.package_discovery:discover_packages(ignore) check parameters
[0.289s] Level 1:colcon.colcon_core.package_discovery:discover_packages(path) check parameters
[0.289s] Level 1:colcon.colcon_core.package_discovery:discover_packages(colcon_meta) discover
[0.289s] Level 1:colcon.colcon_core.package_discovery:discover_packages(recursive) discover
[0.289s] INFO:colcon.colcon_core.package_discovery:Crawling recursively for packages in '/home/zkm/ros/ros2/wp'
[0.290s] Level 1:colcon.colcon_core.package_identification:_identify(.) by extensions ['ignore', 'ignore_ament_install']
[0.290s] Level 1:colcon.colcon_core.package_identification:_identify(.) by extension 'ignore'
[0.290s] Level 1:colcon.colcon_core.package_identification:_identify(.) by extension 'ignore_ament_install'
[0.290s] Level 1:colcon.colcon_core.package_identification:_identify(.) by extensions ['colcon_pkg']
[0.290s] Level 1:colcon.colcon_core.package_identification:_identify(.) by extension 'colcon_pkg'
[0.290s] Level 1:colcon.colcon_core.package_identification:_identify(.) by extensions ['colcon_meta']
[0.290s] Level 1:colcon.colcon_core.package_identification:_identify(.) by extension 'colcon_meta'
[0.290s] Level 1:colcon.colcon_core.package_identification:_identify(.) by extensions ['ros']
[0.290s] Level 1:colcon.colcon_core.package_identification:_identify(.) by extension 'ros'
[0.299s] Level 1:colcon.colcon_core.package_identification:_identify(.) by extensions ['cmake', 'python']
[0.299s] Level 1:colcon.colcon_core.package_identification:_identify(.) by extension 'cmake'
[0.299s] Level 1:colcon.colcon_core.package_identification:_identify(.) by extension 'python'
[0.299s] Level 1:colcon.colcon_core.package_identification:_identify(.) by extensions ['python_setup_py']
[0.299s] Level 1:colcon.colcon_core.package_identification:_identify(.) by extension 'python_setup_py'
[0.299s] Level 1:colcon.colcon_core.package_identification:_identify(build) by extensions ['ignore', 'ignore_ament_install']
[0.299s] Level 1:colcon.colcon_core.package_identification:_identify(build) by extension 'ignore'
[0.300s] Level 1:colcon.colcon_core.package_identification:_identify(build) ignored
[0.300s] Level 1:colcon.colcon_core.package_identification:_identify(install) by extensions ['ignore', 'ignore_ament_install']
[0.300s] Level 1:colcon.colcon_core.package_identification:_identify(install) by extension 'ignore'
[0.300s] Level 1:colcon.colcon_core.package_identification:_identify(install) ignored
[0.300s] Level 1:colcon.colcon_core.package_identification:_identify(log) by extensions ['ignore', 'ignore_ament_install']
[0.300s] Level 1:colcon.colcon_core.package_identification:_identify(log) by extension 'ignore'
[0.300s] Level 1:colcon.colcon_core.package_identification:_identify(log) ignored
[0.300s] Level 1:colcon.colcon_core.package_identification:_identify(src) by extensions ['ignore', 'ignore_ament_install']
[0.300s] Level 1:colcon.colcon_core.package_identification:_identify(src) by extension 'ignore'
[0.300s] Level 1:colcon.colcon_core.package_identification:_identify(src) by extension 'ignore_ament_install'
[0.300s] Level 1:colcon.colcon_core.package_identification:_identify(src) by extensions ['colcon_pkg']
[0.300s] Level 1:colcon.colcon_core.package_identification:_identify(src) by extension 'colcon_pkg'
[0.300s] Level 1:colcon.colcon_core.package_identification:_identify(src) by extensions ['colcon_meta']
[0.300s] Level 1:colcon.colcon_core.package_identification:_identify(src) by extension 'colcon_meta'
[0.300s] Level 1:colcon.colcon_core.package_identification:_identify(src) by extensions ['ros']
[0.300s] Level 1:colcon.colcon_core.package_identification:_identify(src) by extension 'ros'
[0.300s] Level 1:colcon.colcon_core.package_identification:_identify(src) by extensions ['cmake', 'python']
[0.300s] Level 1:colcon.colcon_core.package_identification:_identify(src) by extension 'cmake'
[0.301s] Level 1:colcon.colcon_core.package_identification:_identify(src) by extension 'python'
[0.301s] Level 1:colcon.colcon_core.package_identification:_identify(src) by extensions ['python_setup_py']
[0.301s] Level 1:colcon.colcon_core.package_identification:_identify(src) by extension 'python_setup_py'
[0.301s] Level 1:colcon.colcon_core.package_identification:_identify(src/ros2cc) by extensions ['ignore', 'ignore_ament_install']
[0.301s] Level 1:colcon.colcon_core.package_identification:_identify(src/ros2cc) by extension 'ignore'
[0.301s] Level 1:colcon.colcon_core.package_identification:_identify(src/ros2cc) by extension 'ignore_ament_install'
[0.301s] Level 1:colcon.colcon_core.package_identification:_identify(src/ros2cc) by extensions ['colcon_pkg']
[0.301s] Level 1:colcon.colcon_core.package_identification:_identify(src/ros2cc) by extension 'colcon_pkg'
[0.301s] Level 1:colcon.colcon_core.package_identification:_identify(src/ros2cc) by extensions ['colcon_meta']
[0.301s] Level 1:colcon.colcon_core.package_identification:_identify(src/ros2cc) by extension 'colcon_meta'
[0.301s] Level 1:colcon.colcon_core.package_identification:_identify(src/ros2cc) by extensions ['ros']
[0.301s] Level 1:colcon.colcon_core.package_identification:_identify(src/ros2cc) by extension 'ros'
[0.303s] DEBUG:colcon.colcon_core.package_identification:Package 'src/ros2cc' with type 'ros.ament_cmake' and name 'ros2cc'
[0.303s] Level 1:colcon.colcon_core.package_discovery:discover_packages(recursive) using defaults
[0.303s] Level 1:colcon.colcon_core.package_discovery:discover_packages(ignore) discover
[0.303s] Level 1:colcon.colcon_core.package_discovery:discover_packages(ignore) using defaults
[0.303s] Level 1:colcon.colcon_core.package_discovery:discover_packages(path) discover
[0.303s] Level 1:colcon.colcon_core.package_discovery:discover_packages(path) using defaults
[0.327s] Level 1:colcon.colcon_core.package_discovery:discover_packages(prefix_path) check parameters
[0.327s] Level 1:colcon.colcon_core.package_discovery:discover_packages(prefix_path) discover
[0.329s] DEBUG:colcon.colcon_installed_package_information.package_discovery:Found 1 installed packages in /home/zkm/ros/ros2/wp/install
[0.330s] DEBUG:colcon.colcon_installed_package_information.package_discovery:Found 270 installed packages in /opt/ros/humble
[0.331s] Level 1:colcon.colcon_core.package_discovery:discover_packages(prefix_path) using defaults
[0.364s] Level 5:colcon.colcon_core.verb:set package 'ros2cc' build argument 'cmake_args' from command line to 'None'
[0.364s] Level 5:colcon.colcon_core.verb:set package 'ros2cc' build argument 'cmake_target' from command line to 'None'
[0.364s] Level 5:colcon.colcon_core.verb:set package 'ros2cc' build argument 'cmake_target_skip_unavailable' from command line to 'False'
[0.364s] Level 5:colcon.colcon_core.verb:set package 'ros2cc' build argument 'cmake_clean_cache' from command line to 'False'
[0.364s] Level 5:colcon.colcon_core.verb:set package 'ros2cc' build argument 'cmake_clean_first' from command line to 'False'
[0.364s] Level 5:colcon.colcon_core.verb:set package 'ros2cc' build argument 'cmake_force_configure' from command line to 'False'
[0.364s] Level 5:colcon.colcon_core.verb:set package 'ros2cc' build argument 'ament_cmake_args' from command line to 'None'
[0.364s] Level 5:colcon.colcon_core.verb:set package 'ros2cc' build argument 'catkin_cmake_args' from command line to 'None'
[0.364s] Level 5:colcon.colcon_core.verb:set package 'ros2cc' build argument 'catkin_skip_building_tests' from command line to 'False'
[0.364s] DEBUG:colcon.colcon_core.verb:Building package 'ros2cc' with the following arguments: {'ament_cmake_args': None, 'build_base': '/home/zkm/ros/ros2/wp/build/ros2cc', 'catkin_cmake_args': None, 'catkin_skip_building_tests': False, 'cmake_args': None, 'cmake_clean_cache': False, 'cmake_clean_first': False, 'cmake_force_configure': False, 'cmake_target': None, 'cmake_target_skip_unavailable': False, 'install_base': '/home/zkm/ros/ros2/wp/install/ros2cc', 'merge_install': False, 'path': '/home/zkm/ros/ros2/wp/src/ros2cc', 'symlink_install': False, 'test_result_base': None}
[0.364s] INFO:colcon.colcon_core.executor:Executing jobs using 'parallel' executor
[0.365s] DEBUG:colcon.colcon_parallel_executor.executor.parallel:run_until_complete
[0.365s] INFO:colcon.colcon_ros.task.ament_cmake.build:Building ROS package in '/home/zkm/ros/ros2/wp/src/ros2cc' with build type 'ament_cmake'
[0.365s] INFO:colcon.colcon_cmake.task.cmake.build:Building CMake package in '/home/zkm/ros/ros2/wp/src/ros2cc'
[0.367s] INFO:colcon.colcon_core.plugin_system:Skipping extension 'colcon_core.shell.bat': Not used on non-Windows systems
[0.367s] INFO:colcon.colcon_core.shell:Skip shell extension 'powershell' for command environment: Not usable outside of PowerShell
[0.368s] DEBUG:colcon.colcon_core.shell:Skip shell extension 'dsv' for command environment
[0.378s] DEBUG:colcon.colcon_core.event_handler.log_command:Invoking command in '/home/zkm/ros/ros2/wp/build/ros2cc': CMAKE_PREFIX_PATH=${CMAKE_PREFIX_PATH}:/opt/ros/humble /usr/bin/cmake --build /home/zkm/ros/ros2/wp/build/ros2cc -- -j8 -l8
[8.605s] DEBUG:colcon.colcon_core.event_handler.log_command:Invoked command in '/home/zkm/ros/ros2/wp/build/ros2cc' returned '0': CMAKE_PREFIX_PATH=${CMAKE_PREFIX_PATH}:/opt/ros/humble /usr/bin/cmake --build /home/zkm/ros/ros2/wp/build/ros2cc -- -j8 -l8
[8.639s] DEBUG:colcon.colcon_core.event_handler.log_command:Invoking command in '/home/zkm/ros/ros2/wp/build/ros2cc': CMAKE_PREFIX_PATH=${CMAKE_PREFIX_PATH}:/opt/ros/humble /usr/bin/cmake --install /home/zkm/ros/ros2/wp/build/ros2cc
[8.653s] Level 1:colcon.colcon_core.environment:create_environment_scripts_only(ros2cc)
[8.653s] DEBUG:colcon.colcon_core.event_handler.log_command:Invoked command in '/home/zkm/ros/ros2/wp/build/ros2cc' returned '0': CMAKE_PREFIX_PATH=${CMAKE_PREFIX_PATH}:/opt/ros/humble /usr/bin/cmake --install /home/zkm/ros/ros2/wp/build/ros2cc
[8.656s] Level 1:colcon.colcon_core.environment:checking '/home/zkm/ros/ros2/wp/install/ros2cc' for CMake module files
[8.657s] Level 1:colcon.colcon_core.environment:checking '/home/zkm/ros/ros2/wp/install/ros2cc' for CMake config files
[8.657s] Level 1:colcon.colcon_core.shell:create_environment_hook('ros2cc', 'cmake_prefix_path')
[8.657s] INFO:colcon.colcon_core.shell:Creating environment hook '/home/zkm/ros/ros2/wp/install/ros2cc/share/ros2cc/hook/cmake_prefix_path.ps1'
[8.658s] INFO:colcon.colcon_core.shell:Creating environment descriptor '/home/zkm/ros/ros2/wp/install/ros2cc/share/ros2cc/hook/cmake_prefix_path.dsv'
[8.659s] INFO:colcon.colcon_core.shell:Creating environment hook '/home/zkm/ros/ros2/wp/install/ros2cc/share/ros2cc/hook/cmake_prefix_path.sh'
[8.660s] Level 1:colcon.colcon_core.environment:checking '/home/zkm/ros/ros2/wp/install/ros2cc/lib'
[8.660s] Level 1:colcon.colcon_core.environment:checking '/home/zkm/ros/ros2/wp/install/ros2cc/bin'
[8.660s] Level 1:colcon.colcon_core.environment:checking '/home/zkm/ros/ros2/wp/install/ros2cc/lib/pkgconfig/ros2cc.pc'
[8.660s] Level 1:colcon.colcon_core.environment:checking '/home/zkm/ros/ros2/wp/install/ros2cc/lib/python3.10/site-packages'
[8.661s] Level 1:colcon.colcon_core.environment:checking '/home/zkm/ros/ros2/wp/install/ros2cc/bin'
[8.661s] INFO:colcon.colcon_core.shell:Creating package script '/home/zkm/ros/ros2/wp/install/ros2cc/share/ros2cc/package.ps1'
[8.662s] INFO:colcon.colcon_core.shell:Creating package descriptor '/home/zkm/ros/ros2/wp/install/ros2cc/share/ros2cc/package.dsv'
[8.662s] INFO:colcon.colcon_core.shell:Creating package script '/home/zkm/ros/ros2/wp/install/ros2cc/share/ros2cc/package.sh'
[8.663s] INFO:colcon.colcon_core.shell:Creating package script '/home/zkm/ros/ros2/wp/install/ros2cc/share/ros2cc/package.bash'
[8.664s] INFO:colcon.colcon_core.shell:Creating package script '/home/zkm/ros/ros2/wp/install/ros2cc/share/ros2cc/package.zsh'
[8.664s] Level 1:colcon.colcon_core.environment:create_file_with_runtime_dependencies(/home/zkm/ros/ros2/wp/install/ros2cc/share/colcon-core/packages/ros2cc)
[8.689s] Level 1:colcon.colcon_core.environment:create_environment_scripts_only(ros2cc)
[8.690s] Level 1:colcon.colcon_core.environment:checking '/home/zkm/ros/ros2/wp/install/ros2cc' for CMake module files
[8.690s] Level 1:colcon.colcon_core.environment:checking '/home/zkm/ros/ros2/wp/install/ros2cc' for CMake config files
[8.690s] Level 1:colcon.colcon_core.shell:create_environment_hook('ros2cc', 'cmake_prefix_path')
[8.691s] INFO:colcon.colcon_core.shell:Creating environment hook '/home/zkm/ros/ros2/wp/install/ros2cc/share/ros2cc/hook/cmake_prefix_path.ps1'
[8.691s] INFO:colcon.colcon_core.shell:Creating environment descriptor '/home/zkm/ros/ros2/wp/install/ros2cc/share/ros2cc/hook/cmake_prefix_path.dsv'
[8.692s] INFO:colcon.colcon_core.shell:Creating environment hook '/home/zkm/ros/ros2/wp/install/ros2cc/share/ros2cc/hook/cmake_prefix_path.sh'
[8.692s] Level 1:colcon.colcon_core.environment:checking '/home/zkm/ros/ros2/wp/install/ros2cc/lib'
[8.692s] Level 1:colcon.colcon_core.environment:checking '/home/zkm/ros/ros2/wp/install/ros2cc/bin'
[8.692s] Level 1:colcon.colcon_core.environment:checking '/home/zkm/ros/ros2/wp/install/ros2cc/lib/pkgconfig/ros2cc.pc'
[8.693s] Level 1:colcon.colcon_core.environment:checking '/home/zkm/ros/ros2/wp/install/ros2cc/lib/python3.10/site-packages'
[8.693s] Level 1:colcon.colcon_core.environment:checking '/home/zkm/ros/ros2/wp/install/ros2cc/bin'
[8.694s] INFO:colcon.colcon_core.shell:Creating package script '/home/zkm/ros/ros2/wp/install/ros2cc/share/ros2cc/package.ps1'
[8.694s] INFO:colcon.colcon_core.shell:Creating package descriptor '/home/zkm/ros/ros2/wp/install/ros2cc/share/ros2cc/package.dsv'
[8.695s] INFO:colcon.colcon_core.shell:Creating package script '/home/zkm/ros/ros2/wp/install/ros2cc/share/ros2cc/package.sh'
[8.695s] INFO:colcon.colcon_core.shell:Creating package script '/home/zkm/ros/ros2/wp/install/ros2cc/share/ros2cc/package.bash'
[8.696s] INFO:colcon.colcon_core.shell:Creating package script '/home/zkm/ros/ros2/wp/install/ros2cc/share/ros2cc/package.zsh'
[8.697s] Level 1:colcon.colcon_core.environment:create_file_with_runtime_dependencies(/home/zkm/ros/ros2/wp/install/ros2cc/share/colcon-core/packages/ros2cc)
[8.697s] DEBUG:colcon.colcon_parallel_executor.executor.parallel:closing loop
[8.697s] DEBUG:colcon.colcon_parallel_executor.executor.parallel:loop closed
[8.697s] DEBUG:colcon.colcon_parallel_executor.executor.parallel:run_until_complete finished with '0'
[8.697s] DEBUG:colcon.colcon_core.event_reactor:joining thread
[8.702s] INFO:colcon.colcon_core.plugin_system:Skipping extension 'colcon_notification.desktop_notification.terminal_notifier': Not used on non-Darwin systems
[8.702s] INFO:colcon.colcon_core.plugin_system:Skipping extension 'colcon_notification.desktop_notification.win32': Not used on non-Windows systems
[8.702s] INFO:colcon.colcon_notification.desktop_notification:Sending desktop notification using 'notify2'
[8.713s] DEBUG:colcon.colcon_core.event_reactor:joined thread
[8.714s] INFO:colcon.colcon_core.shell:Creating prefix script '/home/zkm/ros/ros2/wp/install/local_setup.ps1'
[8.715s] INFO:colcon.colcon_core.shell:Creating prefix util module '/home/zkm/ros/ros2/wp/install/_local_setup_util_ps1.py'
[8.716s] INFO:colcon.colcon_core.shell:Creating prefix chain script '/home/zkm/ros/ros2/wp/install/setup.ps1'
[8.717s] INFO:colcon.colcon_core.shell:Creating prefix script '/home/zkm/ros/ros2/wp/install/local_setup.sh'
[8.717s] INFO:colcon.colcon_core.shell:Creating prefix util module '/home/zkm/ros/ros2/wp/install/_local_setup_util_sh.py'
[8.718s] INFO:colcon.colcon_core.shell:Creating prefix chain script '/home/zkm/ros/ros2/wp/install/setup.sh'
[8.719s] INFO:colcon.colcon_core.shell:Creating prefix script '/home/zkm/ros/ros2/wp/install/local_setup.bash'
[8.719s] INFO:colcon.colcon_core.shell:Creating prefix chain script '/home/zkm/ros/ros2/wp/install/setup.bash'
[8.721s] INFO:colcon.colcon_core.shell:Creating prefix script '/home/zkm/ros/ros2/wp/install/local_setup.zsh'
[8.721s] INFO:colcon.colcon_core.shell:Creating prefix chain script '/home/zkm/ros/ros2/wp/install/setup.zsh'
