[0.014s] Invoking command in '/home/zkm/ros/ros2/wp/build/ros2cc': CMAKE_PREFIX_PATH=${CMAKE_PREFIX_PATH}:/opt/ros/humble /usr/bin/cmake --build /home/zkm/ros/ros2/wp/build/ros2cc -- -j8 -l8
[0.054s] [35m[1mConsolidate compiler generated dependencies of target talker_int32[0m
[0.054s] [35m[1mConsolidate compiler generated dependencies of target listener_str[0m
[0.054s] [35m[1mConsolidate compiler generated dependencies of target talker_str[0m
[0.054s] [35m[1mConsolidate compiler generated dependencies of target listener_int32[0m
[0.070s] [ 62%] Built target talker_int32
[0.071s] [ 62%] Built target talker_str
[0.071s] [ 75%] Built target listener_int32
[0.076s] [100%] Built target listener_str
[0.086s] Invoked command in '/home/zkm/ros/ros2/wp/build/ros2cc' returned '0': CMAKE_PREFIX_PATH=${CMAKE_PREFIX_PATH}:/opt/ros/humble /usr/bin/cmake --build /home/zkm/ros/ros2/wp/build/ros2cc -- -j8 -l8
[0.127s] Invoking command in '/home/zkm/ros/ros2/wp/build/ros2cc': CMAKE_PREFIX_PATH=${CMAKE_PREFIX_PATH}:/opt/ros/humble /usr/bin/cmake --install /home/zkm/ros/ros2/wp/build/ros2cc
[0.134s] -- Install configuration: ""
[0.134s] -- Up-to-date: /home/zkm/ros/ros2/wp/install/ros2cc/lib/ros2cc/talker_str
[0.135s] -- Up-to-date: /home/zkm/ros/ros2/wp/install/ros2cc/lib/ros2cc/listener_str
[0.135s] -- Up-to-date: /home/zkm/ros/ros2/wp/install/ros2cc/lib/ros2cc/talker_int32
[0.136s] -- Up-to-date: /home/zkm/ros/ros2/wp/install/ros2cc/lib/ros2cc/listener_int32
[0.136s] -- Up-to-date: /home/zkm/ros/ros2/wp/install/ros2cc/share/ros2cc//launch
[0.136s] -- Installing: /home/zkm/ros/ros2/wp/install/ros2cc/share/ros2cc//launch/allstart.launch.py
[0.136s] -- Up-to-date: /home/zkm/ros/ros2/wp/install/ros2cc/share/ament_index/resource_index/package_run_dependencies/ros2cc
[0.136s] -- Up-to-date: /home/zkm/ros/ros2/wp/install/ros2cc/share/ament_index/resource_index/parent_prefix_path/ros2cc
[0.136s] -- Up-to-date: /home/zkm/ros/ros2/wp/install/ros2cc/share/ros2cc/environment/ament_prefix_path.sh
[0.137s] -- Up-to-date: /home/zkm/ros/ros2/wp/install/ros2cc/share/ros2cc/environment/ament_prefix_path.dsv
[0.137s] -- Up-to-date: /home/zkm/ros/ros2/wp/install/ros2cc/share/ros2cc/environment/path.sh
[0.137s] -- Up-to-date: /home/zkm/ros/ros2/wp/install/ros2cc/share/ros2cc/environment/path.dsv
[0.137s] -- Up-to-date: /home/zkm/ros/ros2/wp/install/ros2cc/share/ros2cc/local_setup.bash
[0.137s] -- Up-to-date: /home/zkm/ros/ros2/wp/install/ros2cc/share/ros2cc/local_setup.sh
[0.137s] -- Up-to-date: /home/zkm/ros/ros2/wp/install/ros2cc/share/ros2cc/local_setup.zsh
[0.137s] -- Up-to-date: /home/zkm/ros/ros2/wp/install/ros2cc/share/ros2cc/local_setup.dsv
[0.137s] -- Installing: /home/zkm/ros/ros2/wp/install/ros2cc/share/ros2cc/package.dsv
[0.137s] -- Up-to-date: /home/zkm/ros/ros2/wp/install/ros2cc/share/ament_index/resource_index/packages/ros2cc
[0.138s] -- Up-to-date: /home/zkm/ros/ros2/wp/install/ros2cc/share/ros2cc/cmake/ros2ccConfig.cmake
[0.138s] -- Up-to-date: /home/zkm/ros/ros2/wp/install/ros2cc/share/ros2cc/cmake/ros2ccConfig-version.cmake
[0.138s] -- Up-to-date: /home/zkm/ros/ros2/wp/install/ros2cc/share/ros2cc/package.xml
[0.139s] Invoked command in '/home/zkm/ros/ros2/wp/build/ros2cc' returned '0': CMAKE_PREFIX_PATH=${CMAKE_PREFIX_PATH}:/opt/ros/humble /usr/bin/cmake --install /home/zkm/ros/ros2/wp/build/ros2cc
