[0.011s] Invoking command in '/home/zkm/ros/ros2/wp/build/ros2cc': CMAKE_PREFIX_PATH=/opt/ros/humble /usr/bin/cmake /home/zkm/ros/ros2/wp/src/ros2cc -DCMAKE_INSTALL_PREFIX=/home/zkm/ros/ros2/wp/install/ros2cc
[0.155s] -- The C compiler identification is GNU 11.4.0
[0.270s] -- The CXX compiler identification is GNU 11.4.0
[0.280s] -- Detecting C compiler ABI info
[0.353s] -- Detecting C compiler ABI info - done
[0.361s] -- Check for working C compiler: /usr/bin/cc - skipped
[0.361s] -- Detecting C compile features
[0.362s] -- Detecting C compile features - done
[0.365s] -- Detecting CXX compiler ABI info
[0.451s] -- Detecting CXX compiler ABI info - done
[0.459s] -- Check for working CXX compiler: /usr/bin/c++ - skipped
[0.459s] -- Detecting CXX compile features
[0.459s] -- Detecting CXX compile features - done
[0.470s] -- Found ament_cmake: 1.3.10 (/opt/ros/humble/share/ament_cmake/cmake)
[0.619s] -- Found Python3: /usr/bin/python3 (found version "3.10.12") found components: Interpreter 
[0.719s] -- Found std_msgs: 4.2.4 (/opt/ros/humble/share/std_msgs/cmake)
[0.771s] -- Found rosidl_generator_c: 3.1.5 (/opt/ros/humble/share/rosidl_generator_c/cmake)
[0.778s] -- Found rosidl_adapter: 3.1.5 (/opt/ros/humble/share/rosidl_adapter/cmake)
[0.789s] -- Found rosidl_generator_cpp: 3.1.5 (/opt/ros/humble/share/rosidl_generator_cpp/cmake)
[0.811s] -- Using all available rosidl_typesupport_c: rosidl_typesupport_fastrtps_c;rosidl_typesupport_introspection_c
[0.837s] -- Using all available rosidl_typesupport_cpp: rosidl_typesupport_fastrtps_cpp;rosidl_typesupport_introspection_cpp
[0.874s] -- Found geometry_msgs: 4.2.4 (/opt/ros/humble/share/geometry_msgs/cmake)
[0.895s] -- Found rclcpp: 16.0.10 (/opt/ros/humble/share/rclcpp/cmake)
[0.950s] -- Found rmw_implementation_cmake: 6.1.2 (/opt/ros/humble/share/rmw_implementation_cmake/cmake)
[0.953s] -- Found rmw_fastrtps_cpp: 6.2.7 (/opt/ros/humble/share/rmw_fastrtps_cpp/cmake)
[1.055s] -- Found OpenSSL: /usr/lib/x86_64-linux-gnu/libcrypto.so (found version "3.0.2")  
[1.082s] -- Found FastRTPS: /opt/ros/humble/include  
[1.123s] -- Using RMW implementation 'rmw_fastrtps_cpp' as default
[1.135s] -- Looking for pthread.h
[1.218s] -- Looking for pthread.h - found
[1.218s] -- Performing Test CMAKE_HAVE_LIBC_PTHREAD
[1.290s] -- Performing Test CMAKE_HAVE_LIBC_PTHREAD - Success
[1.291s] -- Found Threads: TRUE  
[1.348s] -- Found ament_lint_auto: 0.12.11 (/opt/ros/humble/share/ament_lint_auto/cmake)
[1.429s] -- Added test 'lint_cmake' to check CMake code style
[1.431s] -- Added test 'xmllint' to check XML markup files
[1.433s] -- Configuring done
[1.437s] -- Generating done
[1.439s] -- Build files have been written to: /home/zkm/ros/ros2/wp/build/ros2cc
[1.447s] Invoked command in '/home/zkm/ros/ros2/wp/build/ros2cc' returned '0': CMAKE_PREFIX_PATH=/opt/ros/humble /usr/bin/cmake /home/zkm/ros/ros2/wp/src/ros2cc -DCMAKE_INSTALL_PREFIX=/home/zkm/ros/ros2/wp/install/ros2cc
[1.449s] Invoking command in '/home/zkm/ros/ros2/wp/build/ros2cc': CMAKE_PREFIX_PATH=/opt/ros/humble /usr/bin/cmake --build /home/zkm/ros/ros2/wp/build/ros2cc -- -j8 -l8
[1.491s] Invoked command in '/home/zkm/ros/ros2/wp/build/ros2cc' returned '0': CMAKE_PREFIX_PATH=/opt/ros/humble /usr/bin/cmake --build /home/zkm/ros/ros2/wp/build/ros2cc -- -j8 -l8
[1.523s] Invoking command in '/home/zkm/ros/ros2/wp/build/ros2cc': CMAKE_PREFIX_PATH=/opt/ros/humble /usr/bin/cmake --install /home/zkm/ros/ros2/wp/build/ros2cc
[1.530s] -- Install configuration: ""
[1.530s] -- Installing: /home/zkm/ros/ros2/wp/install/ros2cc/share/ament_index/resource_index/package_run_dependencies/ros2cc
[1.530s] -- Installing: /home/zkm/ros/ros2/wp/install/ros2cc/share/ament_index/resource_index/parent_prefix_path/ros2cc
[1.530s] -- Installing: /home/zkm/ros/ros2/wp/install/ros2cc/share/ros2cc/environment/ament_prefix_path.sh
[1.530s] -- Installing: /home/zkm/ros/ros2/wp/install/ros2cc/share/ros2cc/environment/ament_prefix_path.dsv
[1.531s] -- Installing: /home/zkm/ros/ros2/wp/install/ros2cc/share/ros2cc/environment/path.sh
[1.531s] -- Installing: /home/zkm/ros/ros2/wp/install/ros2cc/share/ros2cc/environment/path.dsv
[1.531s] -- Installing: /home/zkm/ros/ros2/wp/install/ros2cc/share/ros2cc/local_setup.bash
[1.531s] -- Installing: /home/zkm/ros/ros2/wp/install/ros2cc/share/ros2cc/local_setup.sh
[1.531s] -- Installing: /home/zkm/ros/ros2/wp/install/ros2cc/share/ros2cc/local_setup.zsh
[1.531s] -- Installing: /home/zkm/ros/ros2/wp/install/ros2cc/share/ros2cc/local_setup.dsv
[1.532s] -- Installing: /home/zkm/ros/ros2/wp/install/ros2cc/share/ros2cc/package.dsv
[1.532s] -- Installing: /home/zkm/ros/ros2/wp/install/ros2cc/share/ament_index/resource_index/packages/ros2cc
[1.532s] -- Installing: /home/zkm/ros/ros2/wp/install/ros2cc/share/ros2cc/cmake/ros2ccConfig.cmake
[1.532s] -- Installing: /home/zkm/ros/ros2/wp/install/ros2cc/share/ros2cc/cmake/ros2ccConfig-version.cmake
[1.532s] -- Installing: /home/zkm/ros/ros2/wp/install/ros2cc/share/ros2cc/package.xml
[1.535s] Invoked command in '/home/zkm/ros/ros2/wp/build/ros2cc' returned '0': CMAKE_PREFIX_PATH=/opt/ros/humble /usr/bin/cmake --install /home/zkm/ros/ros2/wp/build/ros2cc
