[0.011s] Invoking command in '/home/zkm/ros/ros2/wp/build/ros2cc': CMAKE_PREFIX_PATH=${CMAKE_PREFIX_PATH}:/opt/ros/humble /usr/bin/cmake --build /home/zkm/ros/ros2/wp/build/ros2cc -- -j8 -l8
[0.072s] -- Found ament_cmake: 1.3.10 (/opt/ros/humble/share/ament_cmake/cmake)
[0.212s] -- Found std_msgs: 4.2.4 (/opt/ros/humble/share/std_msgs/cmake)
[0.257s] -- Found rosidl_generator_c: 3.1.5 (/opt/ros/humble/share/rosidl_generator_c/cmake)
[0.262s] -- Found rosidl_adapter: 3.1.5 (/opt/ros/humble/share/rosidl_adapter/cmake)
[0.273s] -- Found rosidl_generator_cpp: 3.1.5 (/opt/ros/humble/share/rosidl_generator_cpp/cmake)
[0.287s] -- Using all available rosidl_typesupport_c: rosidl_typesupport_fastrtps_c;rosidl_typesupport_introspection_c
[0.307s] -- Using all available rosidl_typesupport_cpp: rosidl_typesupport_fastrtps_cpp;rosidl_typesupport_introspection_cpp
[0.344s] -- Found geometry_msgs: 4.2.4 (/opt/ros/humble/share/geometry_msgs/cmake)
[0.361s] -- Found rclcpp: 16.0.10 (/opt/ros/humble/share/rclcpp/cmake)
[0.406s] -- Found rmw_implementation_cmake: 6.1.2 (/opt/ros/humble/share/rmw_implementation_cmake/cmake)
[0.409s] -- Found rmw_fastrtps_cpp: 6.2.7 (/opt/ros/humble/share/rmw_fastrtps_cpp/cmake)
[0.524s] -- Using RMW implementation 'rmw_fastrtps_cpp' as default
[0.597s] -- Found ament_lint_auto: 0.12.11 (/opt/ros/humble/share/ament_lint_auto/cmake)
[0.668s] [31mCMake Error at CMakeLists.txt:29 (install):
[0.669s]   install TARGETS given target "talker" which does not exist.
[0.669s] 
[0.669s] [0m
[0.674s] -- Added test 'cppcheck' to perform static code analysis on C / C++ code
[0.674s] -- Configured cppcheck include dirs: 
[0.674s] -- Configured cppcheck exclude dirs and/or files: 
[0.675s] -- Added test 'flake8' to check Python code syntax and style conventions
[0.675s] -- Added test 'lint_cmake' to check CMake code style
[0.676s] -- Added test 'pep257' to check Python code against some of the docstring style conventions in PEP 257
[0.677s] -- Added test 'uncrustify' to check C / C++ code style
[0.677s] -- Configured uncrustify additional arguments: 
[0.678s] -- Added test 'xmllint' to check XML markup files
[0.679s] -- Configuring incomplete, errors occurred!
[0.679s] See also "/home/zkm/ros/ros2/wp/build/ros2cc/CMakeFiles/CMakeOutput.log".
[0.686s] gmake: *** [Makefile:226: cmake_check_build_system] Error 1
[0.687s] Invoked command in '/home/zkm/ros/ros2/wp/build/ros2cc' returned '2': CMAKE_PREFIX_PATH=${CMAKE_PREFIX_PATH}:/opt/ros/humble /usr/bin/cmake --build /home/zkm/ros/ros2/wp/build/ros2cc -- -j8 -l8
