[0.011s] Invoking command in '/home/zkm/ros/ros2/wp/build/ros2cc': CMAKE_PREFIX_PATH=${CMAKE_PREFIX_PATH}:/opt/ros/humble /usr/bin/cmake --build /home/zkm/ros/ros2/wp/build/ros2cc -- -j8 -l8
[0.041s] -- Found ament_cmake: 1.3.10 (/opt/ros/humble/share/ament_cmake/cmake)
[0.185s] -- Found std_msgs: 4.2.4 (/opt/ros/humble/share/std_msgs/cmake)
[0.221s] -- Found rosidl_generator_c: 3.1.5 (/opt/ros/humble/share/rosidl_generator_c/cmake)
[0.225s] -- Found rosidl_adapter: 3.1.5 (/opt/ros/humble/share/rosidl_adapter/cmake)
[0.235s] -- Found rosidl_generator_cpp: 3.1.5 (/opt/ros/humble/share/rosidl_generator_cpp/cmake)
[0.249s] -- Using all available rosidl_typesupport_c: rosidl_typesupport_fastrtps_c;rosidl_typesupport_introspection_c
[0.266s] -- Using all available rosidl_typesupport_cpp: rosidl_typesupport_fastrtps_cpp;rosidl_typesupport_introspection_cpp
[0.296s] -- Found geometry_msgs: 4.2.4 (/opt/ros/humble/share/geometry_msgs/cmake)
[0.314s] -- Found rclcpp: 16.0.10 (/opt/ros/humble/share/rclcpp/cmake)
[0.355s] -- Found rmw_implementation_cmake: 6.1.2 (/opt/ros/humble/share/rmw_implementation_cmake/cmake)
[0.357s] -- Found rmw_fastrtps_cpp: 6.2.7 (/opt/ros/humble/share/rmw_fastrtps_cpp/cmake)
[0.459s] -- Using RMW implementation 'rmw_fastrtps_cpp' as default
[0.514s] -- Found ament_lint_auto: 0.12.11 (/opt/ros/humble/share/ament_lint_auto/cmake)
[0.587s] -- Added test 'lint_cmake' to check CMake code style
[0.588s] -- Added test 'xmllint' to check XML markup files
[0.589s] -- Configuring done
[0.594s] -- Generating done
[0.595s] -- Build files have been written to: /home/zkm/ros/ros2/wp/build/ros2cc
[0.621s] Invoked command in '/home/zkm/ros/ros2/wp/build/ros2cc' returned '0': CMAKE_PREFIX_PATH=${CMAKE_PREFIX_PATH}:/opt/ros/humble /usr/bin/cmake --build /home/zkm/ros/ros2/wp/build/ros2cc -- -j8 -l8
[0.651s] Invoking command in '/home/zkm/ros/ros2/wp/build/ros2cc': CMAKE_PREFIX_PATH=${CMAKE_PREFIX_PATH}:/opt/ros/humble /usr/bin/cmake --install /home/zkm/ros/ros2/wp/build/ros2cc
[0.658s] -- Install configuration: ""
[0.658s] [31mCMake Error at cmake_install.cmake:46 (file):
[0.658s]   file INSTALL cannot find "/home/zkm/ros/ros2/wp/src/ros2cc/launch": No such
[0.658s]   file or directory.
[0.658s] 
[0.659s] [0m
[0.660s] Invoked command in '/home/zkm/ros/ros2/wp/build/ros2cc' returned '1': CMAKE_PREFIX_PATH=${CMAKE_PREFIX_PATH}:/opt/ros/humble /usr/bin/cmake --install /home/zkm/ros/ros2/wp/build/ros2cc
